SYSTEM: 2026/04/09 22:00:33 main.go:16: Запуск календаря
SYSTEM: 2026/04/09 22:00:33 main.go:18: Создано хранилище
SYSTEM: 2026/04/09 22:00:33 main.go:30: Создание и загрузка календаря
SYSTEM: 2026/04/09 22:00:33 main.go:32: Начало ввода
INFO:2026/04/09 22:00:35 cmd.go:51: Пользовательский ввод: list
INFO:2026/04/09 22:00:44 cmd.go:51: Пользовательский ввод: remind d2542c9c-5593-4afc-8724-83c0ba22afb1 dsada 2s
INFO:2026/04/09 22:00:52 cmd.go:51: Пользовательский ввод: remind d2542c9c-5593-4afc-8724-83c0ba22afb1 asdada 20s
INFO:2026/04/09 22:00:55 cmd.go:51: Пользовательский ввод: delremind d2542c9c-5593-4afc-8724-83c0ba22afb1
INFO:2026/04/09 22:01:00 cmd.go:51: Пользовательский ввод: list
INFO:2026/04/09 22:01:03 cmd.go:51: Пользовательский ввод: log
INFO:2026/04/09 22:01:38 cmd.go:51: Пользовательский ввод: list
INFO:2026/04/09 22:02:25 cmd.go:51: Пользовательский ввод: 
ERROR: 2026/04/09 22:02:25 cmd.go:61: Ввод не может быть пустым! Список команд: list
INFO:2026/04/09 22:02:27 cmd.go:51: Пользовательский ввод: 
ERROR: 2026/04/09 22:02:27 cmd.go:61: Ввод не может быть пустым! Список команд: list
INFO:2026/04/09 22:02:27 cmd.go:51: Пользовательский ввод: 
ERROR: 2026/04/09 22:02:27 cmd.go:61: Ввод не может быть пустым! Список команд: list
INFO:2026/04/09 22:02:28 cmd.go:51: Пользовательский ввод: exit
INFO:2026/04/09 22:02:28 cmd.go:269: Запуск функции Save перед завершешнием программы
SYSTEM: 2026/04/09 22:02:28 cmd.go:279: Работа приложения завершена
SYSTEM: 2026/04/09 22:03:05 main.go:16: Запуск календаря
SYSTEM: 2026/04/09 22:03:05 main.go:18: Создано хранилище
SYSTEM: 2026/04/09 22:03:05 main.go:30: Создание и загрузка календаря
SYSTEM: 2026/04/09 22:03:05 main.go:32: Начало ввода
INFO:2026/04/09 22:03:08 cmd.go:51: Пользовательский ввод: list
INFO:2026/04/09 22:03:10 cmd.go:51: Пользовательский ввод: log
INFO:2026/04/09 22:03:12 cmd.go:51: Пользовательский ввод: exit
INFO:2026/04/09 22:03:12 cmd.go:269: Запуск функции Save перед завершешнием программы
SYSTEM: 2026/04/09 22:03:12 cmd.go:279: Работа приложения завершена
SYSTEM: 2026/04/09 22:04:09 main.go:16: Запуск календаря
SYSTEM: 2026/04/09 22:04:09 main.go:18: Создано хранилище
SYSTEM: 2026/04/09 22:04:09 main.go:30: Создание и загрузка календаря
SYSTEM: 2026/04/09 22:04:09 main.go:32: Начало ввода
INFO:2026/04/09 22:04:10 cmd.go:51: Пользовательский ввод: logs
INFO:2026/04/09 22:04:10 cmd.go:285: Неизвестная команда: 
 Введите 'help' для получения списка команд
INFO:2026/04/09 22:04:12 cmd.go:51: Пользовательский ввод: log
INFO:2026/04/09 22:04:16 cmd.go:51: Пользовательский ввод: log
INFO:2026/04/09 22:04:26 cmd.go:51: Пользовательский ввод: list
INFO:2026/04/09 22:04:33 cmd.go:51: Пользовательский ввод: remind 2a4d07bf-1c8f-481e-bf30-3054bdd7c7d0 asdda d2s
ERROR: 2026/04/09 22:04:33 cmd.go:168: Ошибка:%!(EXTRA *time.parseDurationError=time: invalid duration "d2s")
INFO:2026/04/09 22:04:37 cmd.go:51: Пользовательский ввод: remind 2a4d07bf-1c8f-481e-bf30-3054bdd7c7d0 asdda 2s
INFO:2026/04/09 22:04:40 cmd.go:51: Пользовательский ввод: log
INFO:2026/04/09 22:04:48 cmd.go:51: Пользовательский ввод: log
INFO:2026/04/09 22:04:49 cmd.go:51: Пользовательский ввод: log
INFO:2026/04/09 22:04:50 cmd.go:51: Пользовательский ввод: log
INFO:2026/04/09 22:04:52 cmd.go:51: Пользовательский ввод: list
INFO:2026/04/09 22:04:52 cmd.go:51: Пользовательский ввод: list
INFO:2026/04/09 22:04:54 cmd.go:51: Пользовательский ввод: list
INFO:2026/04/09 22:04:56 cmd.go:51: Пользовательский ввод: log
INFO:2026/04/09 22:07:20 cmd.go:51: Пользовательский ввод: exit
INFO:2026/04/09 22:07:20 cmd.go:269: Запуск функции Save перед завершешнием программы
SYSTEM: 2026/04/09 22:07:20 cmd.go:279: Работа приложения завершена
SYSTEM: 2026/04/09 22:07:21 main.go:16: Запуск календаря
SYSTEM: 2026/04/09 22:07:21 main.go:18: Создано хранилище
SYSTEM: 2026/04/09 22:07:21 main.go:30: Создание и загрузка календаря
SYSTEM: 2026/04/09 22:07:21 main.go:32: Начало ввода
INFO:2026/04/09 22:07:24 cmd.go:51: Пользовательский ввод: 
ERROR: 2026/04/09 22:07:24 cmd.go:62: Ввод не может быть пустым! Список команд: list
SYSTEM: 2026/04/09 22:07:25 main.go:16: Запуск календаря
SYSTEM: 2026/04/09 22:07:25 main.go:18: Создано хранилище
SYSTEM: 2026/04/09 22:07:25 main.go:30: Создание и загрузка календаря
SYSTEM: 2026/04/09 22:07:25 main.go:32: Начало ввода
INFO:2026/04/09 22:07:44 cmd.go:51: Пользовательский ввод: exit
INFO:2026/04/09 22:07:44 cmd.go:277: Запуск функции Save перед завершешнием программы
SYSTEM: 2026/04/09 22:07:44 cmd.go:287: Работа приложения завершена
SYSTEM: 2026/04/09 22:08:01 main.go:16: Запуск календаря
SYSTEM: 2026/04/09 22:08:01 main.go:18: Создано хранилище
SYSTEM: 2026/04/09 22:08:01 main.go:30: Создание и загрузка календаря
SYSTEM: 2026/04/09 22:08:01 main.go:32: Начало ввода
INFO:2026/04/09 22:08:01 cmd.go:51: Пользовательский ввод: 
ERROR: 2026/04/09 22:08:01 cmd.go:62: Ввод не может быть пустым! Список команд: list
INFO:2026/04/09 22:08:04 cmd.go:51: Пользовательский ввод: log
INFO:2026/04/09 22:08:13 cmd.go:51: Пользовательский ввод: loge
INFO:2026/04/09 22:08:13 cmd.go:294: Неизвестная команда: 
 Введите 'help' для получения списка команд
INFO:2026/04/09 22:08:13 cmd.go:51: Пользовательский ввод: ex
INFO:2026/04/09 22:08:13 cmd.go:294: Неизвестная команда: 
 Введите 'help' для получения списка команд
INFO:2026/04/09 22:08:14 cmd.go:51: Пользовательский ввод: exit
INFO:2026/04/09 22:08:14 cmd.go:278: Запуск функции Save перед завершешнием программы
SYSTEM: 2026/04/09 22:08:14 cmd.go:288: Работа приложения завершена
SYSTEM: 2026/04/09 22:08:16 main.go:16: Запуск календаря
SYSTEM: 2026/04/09 22:08:16 main.go:18: Создано хранилище
SYSTEM: 2026/04/09 22:08:16 main.go:30: Создание и загрузка календаря
SYSTEM: 2026/04/09 22:08:16 main.go:32: Начало ввода
INFO:2026/04/09 22:08:17 cmd.go:51: Пользовательский ввод: log
INFO:2026/04/09 22:08:29 cmd.go:51: Пользовательский ввод: list
INFO:2026/04/09 22:08:31 cmd.go:51: Пользовательский ввод: log
INFO:2026/04/09 22:09:01 cmd.go:51: Пользовательский ввод: exit
INFO:2026/04/09 22:09:01 cmd.go:277: Запуск функции Save перед завершешнием программы
SYSTEM: 2026/04/09 22:09:01 cmd.go:287: Работа приложения завершена
SYSTEM: 2026/04/09 22:09:02 main.go:16: Запуск календаря
SYSTEM: 2026/04/09 22:09:02 main.go:18: Создано хранилище
SYSTEM: 2026/04/09 22:09:02 main.go:30: Создание и загрузка календаря
SYSTEM: 2026/04/09 22:09:02 main.go:32: Начало ввода
INFO:2026/04/09 22:09:03 cmd.go:51: Пользовательский ввод: log
INFO:2026/04/09 22:09:08 cmd.go:51: Пользовательский ввод: 
ERROR: 2026/04/09 22:09:08 cmd.go:62: Ввод не может быть пустым! Список команд: list
INFO:2026/04/09 22:09:09 cmd.go:51: Пользовательский ввод: 
ERROR: 2026/04/09 22:09:09 cmd.go:62: Ввод не может быть пустым! Список команд: list
INFO:2026/04/09 22:09:10 cmd.go:51: Пользовательский ввод: 
ERROR: 2026/04/09 22:09:10 cmd.go:62: Ввод не может быть пустым! Список команд: list
INFO:2026/04/09 22:09:10 cmd.go:51: Пользовательский ввод: 
ERROR: 2026/04/09 22:09:10 cmd.go:62: Ввод не может быть пустым! Список команд: list
INFO:2026/04/09 22:09:11 cmd.go:51: Пользовательский ввод: list
INFO:2026/04/09 22:09:13 cmd.go:51: Пользовательский ввод: remind 
INFO:2026/04/09 22:09:13 cmd.go:157: Неверный формат команды
INFO:2026/04/09 22:09:13 cmd.go:158: Формат команды: "ID события" "сообщение напоминания" "время таймера" 
INFO:2026/04/09 22:09:13 cmd.go:159: Форматы времени: 30s - 30 секунд | 10m - 10 минут | 2h- 2 часа | 1d - 1 день | 1h30m - 1 час 30 минут
INFO:2026/04/09 22:09:13 cmd.go:51: Пользовательский ввод: remind 
INFO:2026/04/09 22:09:13 cmd.go:157: Неверный формат команды
INFO:2026/04/09 22:09:13 cmd.go:158: Формат команды: "ID события" "сообщение напоминания" "время таймера" 
INFO:2026/04/09 22:09:13 cmd.go:159: Форматы времени: 30s - 30 секунд | 10m - 10 минут | 2h- 2 часа | 1d - 1 день | 1h30m - 1 час 30 минут
INFO:2026/04/09 22:09:14 cmd.go:51: Пользовательский ввод: 
ERROR: 2026/04/09 22:09:14 cmd.go:62: Ввод не может быть пустым! Список команд: list
INFO:2026/04/09 22:09:21 cmd.go:51: Пользовательский ввод: remind 29e245ca-30a2-4276-8fc1-c69bb5bf1827 asdsa 2s
INFO:2026/04/09 22:09:25 cmd.go:51: Пользовательский ввод: log
INFO:2026/04/09 22:09:35 cmd.go:51: Пользовательский ввод: exit
INFO:2026/04/09 22:09:35 cmd.go:270: Запуск функции Save перед завершешнием программы
SYSTEM: 2026/04/09 22:09:35 cmd.go:280: Работа приложения завершена
SYSTEM: 2026/04/10 10:56:56 main.go:16: Запуск календаря
SYSTEM: 2026/04/10 10:56:56 main.go:18: Создано хранилище
SYSTEM: 2026/04/10 10:56:56 main.go:30: Создание и загрузка календаря
SYSTEM: 2026/04/10 10:56:56 main.go:32: Начало ввода
INFO:2026/04/10 10:56:57 cmd.go:53: Пользовательский ввод: list
INFO:2026/04/10 10:57:01 cmd.go:53: Пользовательский ввод: add 
INFO:2026/04/10 10:57:01 cmd.go:75: Неверный формат команды
INFO:2026/04/10 10:57:01 cmd.go:76: Формат команды: add "название события" "дата и время" "приоритет"
INFO:2026/04/10 10:57:19 cmd.go:53: Пользовательский ввод: add asdadad 2021/12/2 Средний
INFO:2026/04/10 10:57:19 cmd.go:98: Событие успешно добавлено!
INFO:2026/04/10 10:57:22 cmd.go:53: Пользовательский ввод: list
INFO:2026/04/10 10:57:37 cmd.go:53: Пользовательский ввод: log
INFO:2026/04/10 10:58:33 cmd.go:53: Пользовательский ввод: exit
INFO:2026/04/10 10:58:33 cmd.go:276: Запуск функции Save перед завершешнием программы
SYSTEM: 2026/04/10 10:58:33 cmd.go:286: Работа приложения завершена
SYSTEM: 2026/04/10 11:01:29 main.go:16: Запуск календаря
SYSTEM: 2026/04/10 11:01:29 main.go:18: Создано хранилище
SYSTEM: 2026/04/10 11:01:29 main.go:30: Создание и загрузка календаря
SYSTEM: 2026/04/10 11:01:29 main.go:32: Начало ввода
INFO:2026/04/10 11:01:32 cmd.go:53: Пользовательский ввод: 
ERROR: 2026/04/10 11:01:32 cmd.go:64: Ввод не может быть пустым! Список команд: list
INFO:2026/04/10 11:01:35 cmd.go:53: Пользовательский ввод: help
INFO:2026/04/10 11:01:38 cmd.go:53: Пользовательский ввод: list
INFO:2026/04/10 11:01:41 cmd.go:53: Пользовательский ввод: delremind
INFO:2026/04/10 11:01:41 cmd.go:193: Неверный формат команды
INFO:2026/04/10 11:01:41 cmd.go:194: Формат команды: "ID события" 
INFO:2026/04/10 11:01:56 cmd.go:53: Пользовательский ввод: remind d2542c9c-5593-4afc-8724-83c0ba22afb1 priver 2s
SYSTEM: 2026/04/10 11:01:56 reminder.go:31: Создание нового напоминания
INFO:2026/04/10 11:01:56 events.go:64: Установлено новое напоминание!
SYSTEM: 2026/04/10 11:01:56 reminder.go:46: Запуск таймера.
INFO:2026/04/10 11:01:56 reminder.go:60: Таймер установлен!
INFO:2026/04/10 11:01:59 cmd.go:53: Пользовательский ввод: log
INFO:2026/04/10 11:02:03 cmd.go:53: Пользовательский ввод: exit
INFO:2026/04/10 11:02:03 cmd.go:276: Запуск функции Save перед завершешнием программы
SYSTEM: 2026/04/10 11:02:03 cmd.go:286: Работа приложения завершена
